<?xml version="1.0" encoding="UTF-8"?>
<!-- Generated by org.testng.reporters.JUnitReportReporter -->
<testsuite hostname="MX-IT-SAUOSORIO" failures="0" tests="1" name="com.informex.app.basic.BasicTests" time="7.266" errors="0" timestamp="2023-03-01T16:51:35 CET" skipped="0">
  <testcase classname="com.informex.app.basic.BasicTests" name="loginTest" time="7.266"/>
  <system-out/>
</testsuite> <!-- com.informex.app.basic.BasicTests -->
